<?xml version="1.0" encoding="UTF-8"?>
<testsuites>
  <testsuite name="fastlane.lanes">
    
    
    
      
      <testcase classname="fastlane.lanes" name="0: default_platform" time="0.001471">
        
      </testcase>
    
      
      <testcase classname="fastlane.lanes" name="1: clean assembleRelease" time="308.8598725">
        
          <failure message="C:/Ruby31-x64/lib/ruby/gems/3.1.0/gems/fastlane-2.206.2/fastlane/lib/fastlane/actions/actions_helper.rb:67:in `execute_action&apos;&#10;C:/Ruby31-x64/lib/ruby/gems/3.1.0/gems/fastlane-2.206.2/fastlane/lib/fastlane/runner.rb:255:in `block in execute_action&apos;&#10;C:/Ruby31-x64/lib/ruby/gems/3.1.0/gems/fastlane-2.206.2/fastlane/lib/fastlane/runner.rb:229:in `chdir&apos;&#10;C:/Ruby31-x64/lib/ruby/gems/3.1.0/gems/fastlane-2.206.2/fastlane/lib/fastlane/runner.rb:229:in `execute_action&apos;&#10;C:/Ruby31-x64/lib/ruby/gems/3.1.0/gems/fastlane-2.206.2/fastlane/lib/fastlane/runner.rb:157:in `trigger_action_by_name&apos;&#10;C:/Ruby31-x64/lib/ruby/gems/3.1.0/gems/fastlane-2.206.2/fastlane/lib/fastlane/fast_file.rb:159:in `method_missing&apos;&#10;Fastfile:26:in `block (2 levels) in parsing_binding&apos;&#10;C:/Ruby31-x64/lib/ruby/gems/3.1.0/gems/fastlane-2.206.2/fastlane/lib/fastlane/lane.rb:33:in `call&apos;&#10;C:/Ruby31-x64/lib/ruby/gems/3.1.0/gems/fastlane-2.206.2/fastlane/lib/fastlane/runner.rb:49:in `block in execute&apos;&#10;C:/Ruby31-x64/lib/ruby/gems/3.1.0/gems/fastlane-2.206.2/fastlane/lib/fastlane/runner.rb:45:in `chdir&apos;&#10;C:/Ruby31-x64/lib/ruby/gems/3.1.0/gems/fastlane-2.206.2/fastlane/lib/fastlane/runner.rb:45:in `execute&apos;&#10;C:/Ruby31-x64/lib/ruby/gems/3.1.0/gems/fastlane-2.206.2/fastlane/lib/fastlane/lane_manager.rb:47:in `cruise_lane&apos;&#10;C:/Ruby31-x64/lib/ruby/gems/3.1.0/gems/fastlane-2.206.2/fastlane/lib/fastlane/command_line_handler.rb:36:in `handle&apos;&#10;C:/Ruby31-x64/lib/ruby/gems/3.1.0/gems/fastlane-2.206.2/fastlane/lib/fastlane/commands_generator.rb:110:in `block (2 levels) in run&apos;&#10;C:/Ruby31-x64/lib/ruby/gems/3.1.0/gems/commander-4.6.0/lib/commander/command.rb:187:in `call&apos;&#10;C:/Ruby31-x64/lib/ruby/gems/3.1.0/gems/commander-4.6.0/lib/commander/command.rb:157:in `run&apos;&#10;C:/Ruby31-x64/lib/ruby/gems/3.1.0/gems/commander-4.6.0/lib/commander/runner.rb:444:in `run_active_command&apos;&#10;C:/Ruby31-x64/lib/ruby/gems/3.1.0/gems/fastlane-2.206.2/fastlane_core/lib/fastlane_core/ui/fastlane_runner.rb:124:in `run!&apos;&#10;C:/Ruby31-x64/lib/ruby/gems/3.1.0/gems/commander-4.6.0/lib/commander/delegates.rb:18:in `run!&apos;&#10;C:/Ruby31-x64/lib/ruby/gems/3.1.0/gems/fastlane-2.206.2/fastlane/lib/fastlane/commands_generator.rb:354:in `run&apos;&#10;C:/Ruby31-x64/lib/ruby/gems/3.1.0/gems/fastlane-2.206.2/fastlane/lib/fastlane/commands_generator.rb:43:in `start&apos;&#10;C:/Ruby31-x64/lib/ruby/gems/3.1.0/gems/fastlane-2.206.2/fastlane/lib/fastlane/cli_tools_distributor.rb:123:in `take_off&apos;&#10;C:/Ruby31-x64/lib/ruby/gems/3.1.0/gems/fastlane-2.206.2/bin/fastlane:23:in `&lt;top (required)&gt;&apos;&#10;C:/Ruby31-x64/bin/fastlane:32:in `load&apos;&#10;C:/Ruby31-x64/bin/fastlane:32:in `&lt;main&gt;&apos;&#10;&#10;Exit status of command &apos;&quot;D:/Semester 6/Android Developer/Final Project/SecondHand/gradlew&quot; clean assembleRelease -p .&apos; was 1 instead of 0.&#10;Starting a Gradle Daemon, 1 incompatible and 2 stopped Daemons could not be reused, use --status for details&#10;&gt; Task :clean&#10;&gt; Task :app:clean&#10;&gt; Task :app:buildKotlinToolingMetadata&#10;&gt; Task :app:preBuild UP-TO-DATE&#10;&gt; Task :app:preReleaseBuild UP-TO-DATE&#10;&gt; Task :app:compileReleaseAidl NO-SOURCE&#10;&gt; Task :app:compileReleaseRenderscript NO-SOURCE&#10;&gt; Task :app:dataBindingMergeDependencyArtifactsRelease&#10;&gt; Task :app:dataBindingMergeGenClassesRelease&#10;&gt; Task :app:generateReleaseResValues&#10;&gt; Task :app:generateReleaseResources&#10;&gt; Task :app:mergeReleaseResources&#10;&gt; Task :app:packageReleaseResources&#10;&gt; Task :app:parseReleaseLocalResources&#10;&gt; Task :app:dataBindingTriggerRelease&#10;&gt; Task :app:dataBindingGenBaseClassesRelease&#10;&gt; Task :app:generateReleaseBuildConfig&#10;&gt; Task :app:checkReleaseAarMetadata&#10;&gt; Task :app:mapReleaseSourceSetPaths&#10;&gt; Task :app:createReleaseCompatibleScreenManifests&#10;&gt; Task :app:extractDeepLinksRelease&#10;&gt; Task :app:processReleaseMainManifest&#10;&gt; Task :app:processReleaseManifest&#10;&gt; Task :app:writeReleaseApplicationId&#10;&gt; Task :app:analyticsRecordingRelease&#10;&gt; Task :app:javaPreCompileRelease&#10;&gt; Task :app:extractProguardFiles&#10;&gt; Task :app:mergeReleaseJniLibFolders&#10;&gt; Task :app:mergeReleaseNativeLibs NO-SOURCE&#10;&gt; Task :app:stripReleaseDebugSymbols NO-SOURCE&#10;&gt; Task :app:extractReleaseNativeSymbolTables NO-SOURCE&#10;&gt; Task :app:mergeReleaseNativeDebugMetadata NO-SOURCE&#10;&gt; Task :app:checkReleaseDuplicateClasses&#10;&gt; Task :app:desugarReleaseFileDependencies&#10;&gt; Task :app:mergeReleaseShaders&#10;&gt; Task :app:compileReleaseShaders NO-SOURCE&#10;&gt; Task :app:generateReleaseAssets UP-TO-DATE&#10;&gt; Task :app:mergeReleaseAssets&#10;&gt; Task :app:compressReleaseAssets&#10;&gt; Task :app:processReleaseJavaRes NO-SOURCE&#10;&gt; Task :app:collectReleaseDependencies&#10;&gt; Task :app:sdkReleaseDependencyData&#10;&gt; Task :app:writeReleaseAppMetadata&#10;&gt; Task :app:writeReleaseSigningConfigVersions&#10;&gt; Task :app:processReleaseManifestForPackage&#10;&gt; Task :app:mergeReleaseArtProfile&#10;&gt; Task :app:mergeExtDexRelease&#10;&gt; Task :app:processReleaseResources&#10;&gt; Task :app:optimizeReleaseResources&#10;&gt; Task :app:kaptGenerateStubsReleaseKotlin&#10;&#10;&gt; Task :app:kaptReleaseKotlin&#10;D:\Semester 6\Android Developer\Final Project\SecondHand\app\build\tmp\kapt3\stubs\release\binar\and3\kelompok1\secondhand\database\LocalDatabase.java:14: warning: Schema export directory is not provided to the annotation processor so we cannot export the schema. You can either provide `room.schemaLocation` annotation processor argument OR set exportSchema to false.&#10;public abstract class LocalDatabase extends androidx.room.RoomDatabase {&#10;                ^&#10;&#10;&gt; Task :app:compileReleaseKotlin&#10;w: D:\Semester 6\Android Developer\Final Project\SecondHand\app\src\main\java\binar\and3\kelompok1\secondhand\repository\ProfileRepository.kt: (32, 44): Parameter &apos;image&apos; is never used&#10;w: D:\Semester 6\Android Developer\Final Project\SecondHand\app\src\main\java\binar\and3\kelompok1\secondhand\ui\signin\LoginUI.kt: (3, 20): &apos;ProgressDialog&apos; is deprecated. Deprecated in Java&#10;w: D:\Semester 6\Android Developer\Final Project\SecondHand\app\src\main\java\binar\and3\kelompok1\secondhand\ui\signin\LoginUI.kt: (21, 33): &apos;ProgressDialog&apos; is deprecated. Deprecated in Java&#10;w: D:\Semester 6\Android Developer\Final Project\SecondHand\app\src\main\java\binar\and3\kelompok1\secondhand\ui\signin\LoginUI.kt: (21, 58): &apos;constructor ProgressDialog(Context!)&apos; is deprecated. Deprecated in Java&#10;w: D:\Semester 6\Android Developer\Final Project\SecondHand\app\src\main\java\binar\and3\kelompok1\secondhand\ui\signin\LoginUI.kt: (21, 58): &apos;ProgressDialog&apos; is deprecated. Deprecated in Java&#10;w: D:\Semester 6\Android Developer\Final Project\SecondHand\app\src\main\java\binar\and3\kelompok1\secondhand\ui\signin\LoginUI.kt: (66, 32): &apos;setMessage(CharSequence!): Unit&apos; is deprecated. Deprecated in Java&#10;w: D:\Semester 6\Android Developer\Final Project\SecondHand\app\src\main\java\binar\and3\kelompok1\secondhand\ui\signup\RegisterUI.kt: (3, 20): &apos;ProgressDialog&apos; is deprecated. Deprecated in Java&#10;w: D:\Semester 6\Android Developer\Final Project\SecondHand\app\src\main\java\binar\and3\kelompok1\secondhand\ui\signup\RegisterUI.kt: (21, 33): &apos;ProgressDialog&apos; is deprecated. Deprecated in Java&#10;w: D:\Semester 6\Android Developer\Final Project\SecondHand\app\src\main\java\binar\and3\kelompok1\secondhand\ui\signup\RegisterUI.kt: (21, 58): &apos;constructor ProgressDialog(Context!)&apos; is deprecated. Deprecated in Java&#10;w: D:\Semester 6\Android Developer\Final Project\SecondHand\app\src\main\java\binar\and3\kelompok1\secondhand\ui\signup\RegisterUI.kt: (21, 58): &apos;ProgressDialog&apos; is deprecated. Deprecated in Java&#10;w: D:\Semester 6\Android Developer\Final Project\SecondHand\app\src\main\java\binar\and3\kelompok1\secondhand\ui\signup\RegisterUI.kt: (55, 32): &apos;setMessage(CharSequence!): Unit&apos; is deprecated. Deprecated in Java&#10;&#10;&gt; Task :app:compileReleaseJavaWithJavac&#10;&gt; Task :app:hiltAggregateDepsRelease&#10;&gt; Task :app:hiltJavaCompileRelease&#10;&gt; Task :app:lintVitalAnalyzeRelease&#10;&gt; Task :app:mergeReleaseJavaResource&#10;&#10;&gt; Task :app:lintVitalReportRelease&#10;Created baseline file D:\Semester 6\Android Developer\Final Project\SecondHand\app\lint-baseline.xml&#10;&#10;Also breaking the build in case this was not intentional. If you&#10;deliberately created the baseline file, re-run the build and this&#10;time it should succeed without warnings.&#10;&#10;If not, investigate the baseline path in the lintOptions config&#10;or verify that the baseline file has been checked into version&#10;control.&#10;&#10;You can run lint with -Dlint.baselines.continue=true&#10;if you want to create many missing baselines in one go.&#10;            &#10;&#10;&gt; Task :app:lintVitalRelease FAILED&#10;D:\Semester 6\Android Developer\Final Project\SecondHand\app\src\main\java\binar\and3\kelompok1\secondhand\ui\menu\akun\AkunViewModel.kt:54: Error: Expected non-nullable value [NullSafeMutableLiveData from lifecycle-livedata-core-ktx-2.4.1]&#10;                        shouldShowImageProfile.postValue(result.data?.imageUrl)&#10;                                                         ~~~~~~~~~~~~~~~~~~~~~&#10;&#10;   Explanation for issues of type &quot;NullSafeMutableLiveData&quot;:&#10;   This check ensures that LiveData values are not null when explicitly       &#10;            declared as non-nullable.&#10;&#10;                   Kotlin interoperability does not support enforcing explicit&#10;   null-safety when using                 generic Java type parameters. Since&#10;   LiveData is a Java class its value can always                 be null even&#10;   when its type is explicitly declared as non-nullable. This can lead        &#10;           to runtime exceptions from reading a null LiveData value that is&#10;   assumed to be                 non-nullable.&#10;&#10;   Vendor: Android Open Source Project (lifecycle-livedata-core-ktx-2.4.1)&#10;   Identifier: lifecycle-livedata-core-ktx-2.4.1&#10;   Feedback: https://issuetracker.google.com/issues/new?component=192731&#10;&#10;1 errors, 0 warnings&#10;&#10;&#10;&gt; Task :app:transformReleaseClassesWithAsm&#10;&#10;FAILURE: Build failed with an exception.&#10;&#10;* What went wrong:&#10;Execution failed for task &apos;:app:lintVitalRelease&apos;.&#10;&gt; Aborting build since new baseline file was created&#10;&#10;* Try:&#10;&gt; Run with --stacktrace option to get the stack trace.&#10;&gt; Run with --info or --debug option to get more log output.&#10;&gt; Run with --scan to get full insights.&#10;&#10;* Get more help at https://help.gradle.org&#10;&#10;BUILD FAILED in 5m 7s&#10;48 actionable tasks: 48 executed&#10;" />
        
      </testcase>
    
  </testsuite>
</testsuites>
